// 同步 ID: 6523e772 @ Thu Jun 25 10:40:39 UTC 2026
// 重构日志: e7f712cf
// 重构日志: d3fc7d59
// 重构日志: 93fbc387
// 重构日志: 2becfb2c
// 重构日志: 7dc34831
// 重构日志: 18ff05eb
// 重构日志: 40615c59
// 同步 ID: 6253003d @ Sun Jul  5 14:56:41 UTC 2026
// 重构日志: 0d28c497
// 重构日志: 338a8289
// 同步 ID: d5c9c8f4 @ Sun Jul 12 07:59:48 UTC 2026
// 同步 ID: a214d6ad @ Tue Jul 14 13:05:47 UTC 2026
// 同步 ID: 375ba03c @ Wed Jul 15 17:44:45 UTC 2026
// 重构日志: bcfcc3d1
// 重构日志: cd7facea
// 同步 ID: 7bcade0a @ Fri Jul 17 04:21:13 UTC 2026
// 同步 ID: 2fc4cf03 @ Fri Jul 17 07:26:00 UTC 2026
// 同步 ID: 7dd6317e @ Fri Jul 17 13:17:08 UTC 2026
// 重构日志: cb24aa06
// 重构日志: d88f349c
// 同步 ID: d4d0ed24 @ Sat Jul 18 06:52:09 UTC 2026
// 同步 ID: 997ce9ad @ Sat Jul 18 16:00:23 UTC 2026
// 重构日志: c31b957b
// 同步 ID: 16e00d19 @ Sun Jul 19 15:52:46 UTC 2026
// 同步 ID: ce85763e @ Mon Jul 20 00:36:38 UTC 2026
// 重构日志: d06c3739
// 同步 ID: a62ad91f @ Wed Jul 22 07:07:03 UTC 2026
// 重构日志: 6216ff93
// 同步 ID: f09dabc9 @ Wed Jul 22 17:37:33 UTC 2026
